Initialized Enhanced Statistical Analyzer
Artifacts: artifacts
Output: paper
Confidence Level: 95.0%
Starting comprehensive enhanced statistical analysis...
================================================================================
Loading comprehensive experimental dataset...
Loaded 703 datapoints from synthetic dataset
Dataset statistics:
  Total datapoints: 703
  Methods: ['baseline_bm25_only', 'baseline_bm25_vector_simple', 'baseline_cross_encoder', 'baseline_faiss_ivf', 'baseline_mmr', 'baseline_vector_only', 'baseline_window', 'iter1', 'iter2', 'iter3', 'iter4']
  Domains: ['chatty_prose', 'code_heavy', 'mixed', 'tool_results']
  Synthetic ratio: 79.7%
Validating baseline completeness...
Baseline validation results:
  Found: 7/7 baselines
  Missing: []
  Issues: 0
Computing comprehensive pairwise comparisons...
  Methods: 11
  Metrics: 6
  Total pairwise comparisons: 330
  Bonferroni-corrected α: 0.000152
  Processing ndcg_at_10...
  Processing recall_at_50...
  Processing coverage_at_n...
  Processing latency_ms_total...
  Processing contradiction_rate...
  Processing hallucination_rate...
Applying multiple comparison corrections...
  Total comparisons: 330
  Significant (uncorrected): 295
  Significant (Bonferroni): 274
  Significant (FDR): 294
Computing reproducibility validation metrics...
Generating publication-ready tables...
  Generated: enhanced_performance_summary.tex
  Generated: statistical_significance_matrix.tex
  Generated: effect_sizes_analysis.tex
  Generated: multiple_comparison_corrections.tex
  Generated: baseline_validation.tex
  Generated supplementary materials in: supplementary/
Generating statistical figures...
  Generated: performance_distributions.pdf
  Generated: significance_heatmap.pdf
  Generated: effect_sizes.pdf
  Generated: confidence_intervals.pdf
  Generated: multiple_comparison_impact.pdf

================================================================================
ENHANCED STATISTICAL ANALYSIS COMPLETE
================================================================================
Total datapoints analyzed: 703
Methods evaluated: 11
Total pairwise comparisons: 330
Bonferroni-corrected α: 0.000152
Significant after correction: 274

Results saved to: artifacts/enhanced_statistical_analysis.json
Publication materials: paper/

All publication-ready materials generated successfully!
